<?xml version="1.0" encoding="UTF-8"?>
<testsuite xmlns:xsi="http://www.w3.org/2001/XMLSchema-instance" xsi:noNamespaceSchemaLocation="https://maven.apache.org/surefire/maven-surefire-plugin/xsd/surefire-test-report-3.0.xsd" version="3.0" name="com.example.userservice.unit.service.UserServiceTest" time="1.047" tests="9" errors="0" skipped="0" failures="0">
  <properties>
[...]
</properties>
  <testcase name="localData_getAllUsers_shouldReturnCorrectData" classname="com.example.userservice.unit.service.UserServiceTest" time="1.01">
    <system-err><![CDATA[WARNING: A Java agent has been loaded dynamically (C:\Users\ASUS\.m2\repository\net\bytebuddy\byte-buddy-agent\1.14.17\byte-buddy-agent-1.14.17.jar)
WARNING: If a serviceability tool is in use, please run with -XX:+EnableDynamicAgentLoading to hide this warning
WARNING: If a serviceability tool is not in use, please run with -Djdk.instrument.traceUsage for more information
WARNING: Dynamic loading of agents will be disallowed by default in a future release
]]></system-err>
  </testcase>
  <testcase name="boundary_createUser_invalidEmail_shouldThrow(String)[1]" classname="com.example.userservice.unit.service.UserServiceTest" time="0.989"/>
  <testcase name="boundary_createUser_invalidEmail_shouldThrow(String)[4]" classname="com.example.userservice.unit.service.UserServiceTest" time="0.989"/>
  <testcase name="boundary_createUser_invalidEmail_shouldThrow(String)[3]" classname="com.example.userservice.unit.service.UserServiceTest" time="0.989"/>
  <testcase name="boundary_createUser_invalidEmail_shouldThrow(String)[2]" classname="com.example.userservice.unit.service.UserServiceTest" time="0.989"/>
  <testcase name="boundary_createUser_invalidEmail_shouldThrow(String)[5]" classname="com.example.userservice.unit.service.UserServiceTest" time="0.989"/>
  <testcase name="independentPaths_getUserById_foundAndNotFound" classname="com.example.userservice.unit.service.UserServiceTest" time="1.01"/>
  <testcase name="interface_getAllUsers_shouldCallFindAll" classname="com.example.userservice.unit.service.UserServiceTest" time="1.013"/>
  <testcase name="errorHandling_createUser_duplicateEmail_shouldNotSave" classname="com.example.userservice.unit.service.UserServiceTest" time="1.014"/>
</testsuite>